<?xml version="1.0" encoding="UTF-8"?>
<!-- Generated by org.testng.reporters.JUnitXMLReporter -->
<testsuite ignored="3" hostname="LAPTOP-36QH3DNI" failures="0" tests="1" name="Edge test" time="225.784" errors="0" timestamp="2024-06-17T12:30:10 IST">
  <testcase classname="testscript.BaseClass" name="@BeforeMethod initialisebrowser" time="225.764">
    <failure type="org.openqa.selenium.TimeoutException" message="java.util.concurrent.TimeoutException
Build info: version: &amp;apos;4.15.0&amp;apos;, revision: &amp;apos;1d14b5521b&amp;apos;
System info: os.name: &amp;apos;Windows 11&amp;apos;, os.arch: &amp;apos;amd64&amp;apos;, os.version: &amp;apos;10.0&amp;apos;, java.version: &amp;apos;17.0.11&amp;apos;
Driver info: org.openqa.selenium.edge.EdgeDriver
Command: [2370028ee7ffca0a869a3ddd5b838a7f, get {url=https://groceryapp.uniqassosiates.com/admin/login}]
Capabilities {acceptInsecureCerts: false, browserName: MicrosoftEdge, browserVersion: 125.0.2535.92, fedcm:accounts: true, ms:edgeOptions: {debuggerAddress: localhost:60999}, msedge: {msedgedriverVersion: 125.0.2535.92 (d2d4746171db..., userDataDir: C:\Users\Vismitha\AppData\L...}, networkConnectionEnabled: false, pageLoadStrategy: normal, platformName: windows, proxy: Proxy(), se:cdp: ws://localhost:60999/devtoo..., se:cdpVersion: 125.0.2535.92, setWindowRect: true, strictFileInteractability: false, timeouts: {implicit: 0, pageLoad: 300000, script: 30000}, unhandledPromptBehavior: dismiss and notify, webauthn:extension:credBlob: true, webauthn:extension:largeBlob: true, webauthn:extension:minPinLength: true, webauthn:extension:prf: true, webauthn:virtualAuthenticators: true}
Session ID: 2370028ee7ffca0a869a3ddd5b838a7f">
      <![CDATA[org.openqa.selenium.TimeoutException: java.util.concurrent.TimeoutException
Build info: version: '4.15.0', revision: '1d14b5521b'
System info: os.name: 'Windows 11', os.arch: 'amd64', os.version: '10.0', java.version: '17.0.11'
Driver info: org.openqa.selenium.edge.EdgeDriver
Command: [2370028ee7ffca0a869a3ddd5b838a7f, get {url=https://groceryapp.uniqassosiates.com/admin/login}]
Capabilities {acceptInsecureCerts: false, browserName: MicrosoftEdge, browserVersion: 125.0.2535.92, fedcm:accounts: true, ms:edgeOptions: {debuggerAddress: localhost:60999}, msedge: {msedgedriverVersion: 125.0.2535.92 (d2d4746171db..., userDataDir: C:\Users\Vismitha\AppData\L...}, networkConnectionEnabled: false, pageLoadStrategy: normal, platformName: windows, proxy: Proxy(), se:cdp: ws://localhost:60999/devtoo..., se:cdpVersion: 125.0.2535.92, setWindowRect: true, strictFileInteractability: false, timeouts: {implicit: 0, pageLoad: 300000, script: 30000}, unhandledPromptBehavior: dismiss and notify, webauthn:extension:credBlob: true, webauthn:extension:largeBlob: true, webauthn:extension:minPinLength: true, webauthn:extension:prf: true, webauthn:virtualAuthenticators: true}
Session ID: 2370028ee7ffca0a869a3ddd5b838a7f
at org.openqa.selenium.remote.http.jdk.JdkHttpClient.execute0(JdkHttpClient.java:410)
at org.openqa.selenium.remote.http.AddSeleniumUserAgent.lambda$apply$0(AddSeleniumUserAgent.java:42)
at org.openqa.selenium.remote.http.Filter.lambda$andFinally$1(Filter.java:55)
at org.openqa.selenium.remote.http.jdk.JdkHttpClient.execute(JdkHttpClient.java:366)
at org.openqa.selenium.remote.HttpCommandExecutor.execute(HttpCommandExecutor.java:188)
at org.openqa.selenium.remote.service.DriverCommandExecutor.invokeExecute(DriverCommandExecutor.java:200)
at org.openqa.selenium.remote.service.DriverCommandExecutor.execute(DriverCommandExecutor.java:175)
at org.openqa.selenium.remote.RemoteWebDriver.execute(RemoteWebDriver.java:607)
at org.openqa.selenium.remote.RemoteWebDriver.get(RemoteWebDriver.java:309)
at org.openqa.selenium.remote.RemoteWebDriver$RemoteNavigation.to(RemoteWebDriver.java:1152)
at testscript.BaseClass.initialisebrowser(BaseClass.java:46)
at java.base/java.util.ArrayList.forEach(ArrayList.java:1511)
Caused by: java.util.concurrent.TimeoutException
at java.base/java.util.concurrent.CompletableFuture.timedGet(CompletableFuture.java:1960)
at java.base/java.util.concurrent.CompletableFuture.get(CompletableFuture.java:2095)
at org.openqa.selenium.remote.http.jdk.JdkHttpClient.execute0(JdkHttpClient.java:393)
... 42 more
... Removed 31 stack frames]]>
    </failure>
  </testcase> <!-- @BeforeMethod initialisebrowser -->
  <testcase classname="testscript.BaseClass" name="@AfterMethod browserQuit" time="-1.718607610213E9">
    <skipped/>
  </testcase> <!-- @AfterMethod browserQuit -->
  <testcase classname="testscript.Logintest" name="verifyTheUserAbleToLoginInValidCredentials1" time="0.0">
    <skipped/>
  </testcase> <!-- verifyTheUserAbleToLoginInValidCredentials1 -->
  <testcase classname="testscript.Logintest" name="verifyTheUserAbleToLoginInValidCredentials" time="0.0">
    <ignored/>
  </testcase> <!-- verifyTheUserAbleToLoginInValidCredentials -->
  <testcase classname="testscript.Logintest" name="verifyTheUserAbleToLoginValidCredentials" time="0.0">
    <ignored/>
  </testcase> <!-- verifyTheUserAbleToLoginValidCredentials -->
  <testcase classname="testscript.Logintest" name="verifyTheUserAbleToLoginInValidCredentials2" time="0.0">
    <ignored/>
  </testcase> <!-- verifyTheUserAbleToLoginInValidCredentials2 -->
</testsuite> <!-- Edge test -->
