<?xml version="1.0" encoding="UTF-8"?>
<!-- Generated by org.testng.reporters.JUnitXMLReporter -->
<testsuite ignored="0" hostname="LAPTOP-36QH3DNI" failures="1" tests="5" name="Parallel test" time="55.276" errors="0" timestamp="2024-06-13T12:42:58 IST">
  <testcase classname="testscript.Logintest" name="verifyTheUserAbleToLoginInValidCredentials" time="5.35"/>
  <testcase classname="testscript.Logintest" name="verifyTheUserAbleToLoginInValidCredentials1" time="0.0">
    <failure type="org.testng.TestNGException" message="
Parameter &amp;apos;username&amp;apos; is required by @Test on method verifyTheUserAbleToLoginInValidCredentials1 but has not been marked @Optional or defined
in C:\Users\Vismitha\eclipse-workspace\Groceryprojectobsqura\paralleltesting.xml">
      <![CDATA[org.testng.TestNGException: 
Parameter 'username' is required by @Test on method verifyTheUserAbleToLoginInValidCredentials1 but has not been marked @Optional or defined
in C:\Users\Vismitha\eclipse-workspace\Groceryprojectobsqura\paralleltesting.xml
at java.base/java.util.ArrayList.forEach(ArrayList.java:1511)
... Removed 26 stack frames]]>
    </failure>
  </testcase> <!-- verifyTheUserAbleToLoginInValidCredentials1 -->
  <testcase classname="testscript.Logintest" name="verifyTheUserAbleToLoginInValidCredentials2" time="0.482"/>
  <testcase classname="testscript.Logintest" name="verifyTheUserAbleToLoginValidCredentials" time="0.755"/>
  <testcase classname="testscript.SubCatTest" name="addSubCat" time="3.401"/>
</testsuite> <!-- Parallel test -->
