<?xml version="1.0" encoding="UTF-8"?>
<!-- Generated by org.testng.reporters.JUnitXMLReporter -->
<testsuite ignored="3" hostname="LAPTOP-36QH3DNI" failures="0" tests="1" name="testng.xml" time="5.506" errors="0" timestamp="2024-06-20T13:01:11 IST">
  <testcase classname="testscript.BaseClass" name="@BeforeMethod initialisebrowser" time="5.456">
    <failure type="java.lang.IllegalStateException" message="The path to the driver executable The path to the driver executable must be set by the webdriver.chrome.driver system property; for more information, see https://chromedriver.chromium.org/. The latest version can be downloaded from https://chromedriver.chromium.org/downloads">
      <![CDATA[java.lang.IllegalStateException: The path to the driver executable The path to the driver executable must be set by the webdriver.chrome.driver system property; for more information, see https://chromedriver.chromium.org/. The latest version can be downloaded from https://chromedriver.chromium.org/downloads
at org.openqa.selenium.internal.Require$StateChecker.nonNull(Require.java:314)
at org.openqa.selenium.remote.service.DriverService.findExecutable(DriverService.java:149)
at org.openqa.selenium.chrome.ChromeDriverService.access$000(ChromeDriverService.java:42)
at org.openqa.selenium.chrome.ChromeDriverService$Builder.findDefaultExecutable(ChromeDriverService.java:315)
at org.openqa.selenium.remote.service.DriverService$Builder.build(DriverService.java:456)
at org.openqa.selenium.chrome.ChromeDriverService.createDefaultService(ChromeDriverService.java:147)
at org.openqa.selenium.chrome.ChromeDriver.<init>(ChromeDriver.java:50)
at testscript.BaseClass.initialisebrowser(BaseClass.java:46)
at java.base/java.util.ArrayList.forEach(ArrayList.java:1511)
... Removed 31 stack frames]]>
    </failure>
  </testcase> <!-- @BeforeMethod initialisebrowser -->
  <testcase classname="testscript.Logintest" name="verifyTheUserAbleToLoginValidCredentials" time="0.0">
    <skipped/>
  </testcase> <!-- verifyTheUserAbleToLoginValidCredentials -->
  <testcase classname="testscript.Logintest" name="verifyTheUserAbleToLoginInValidCredentials" time="0.0">
    <ignored/>
  </testcase> <!-- verifyTheUserAbleToLoginInValidCredentials -->
  <testcase classname="testscript.Logintest" name="verifyTheUserAbleToLoginInValidCredentials1" time="0.0">
    <ignored/>
  </testcase> <!-- verifyTheUserAbleToLoginInValidCredentials1 -->
  <testcase classname="testscript.Logintest" name="verifyTheUserAbleToLoginInValidCredentials2" time="0.0">
    <ignored/>
  </testcase> <!-- verifyTheUserAbleToLoginInValidCredentials2 -->
</testsuite> <!-- testng.xml -->
