<?xml version="1.0" encoding="UTF-8"?>
<!-- Generated by org.testng.reporters.JUnitXMLReporter -->
<testsuite ignored="3" hostname="LAPTOP-36QH3DNI" failures="1" tests="1" name="chrome test" time="0.028" errors="0" timestamp="2024-06-17T11:57:47 IST">
  <testcase classname="testscript.Logintest" name="verifyTheUserAbleToLoginValidCredentials" time="0.0">
    <failure type="org.testng.TestNGException" message="
Parameter &amp;apos;browser&amp;apos; is required by @Test on method verifyTheUserAbleToLoginValidCredentials but has not been marked @Optional or defined
in C:\Users\Vismitha\eclipse-workspace\Groceryprojectobsqura\MultiBrowserTesting.xml">
      <![CDATA[org.testng.TestNGException: 
Parameter 'browser' is required by @Test on method verifyTheUserAbleToLoginValidCredentials but has not been marked @Optional or defined
in C:\Users\Vismitha\eclipse-workspace\Groceryprojectobsqura\MultiBrowserTesting.xml
at java.base/java.util.ArrayList.forEach(ArrayList.java:1511)
... Removed 26 stack frames]]>
    </failure>
  </testcase> <!-- verifyTheUserAbleToLoginValidCredentials -->
  <testcase classname="testscript.Logintest" name="verifyTheUserAbleToLoginInValidCredentials" time="0.0">
    <ignored/>
  </testcase> <!-- verifyTheUserAbleToLoginInValidCredentials -->
  <testcase classname="testscript.Logintest" name="verifyTheUserAbleToLoginInValidCredentials1" time="0.0">
    <ignored/>
  </testcase> <!-- verifyTheUserAbleToLoginInValidCredentials1 -->
  <testcase classname="testscript.Logintest" name="verifyTheUserAbleToLoginInValidCredentials2" time="0.0">
    <ignored/>
  </testcase> <!-- verifyTheUserAbleToLoginInValidCredentials2 -->
</testsuite> <!-- chrome test -->
